<?xml version="1.0" encoding="UTF-8"?>
<testsuite name="Add Customer Test"
           tests="4"
           failures="0"
           errors="0"
           skipped="0"
           time="18.708">
  <properties />
  
  
            <testcase name="addCustomerTest" time="4.284" classname="com.automation.testcases.AddCustomerTest" />
                <testcase name="addCustomerTest" time="4.271" classname="com.automation.testcases.AddCustomerTest" />
                <testcase name="addCustomerTest" time="5.861" classname="com.automation.testcases.AddCustomerTest" />
                <testcase name="addCustomerTest" time="4.292" classname="com.automation.testcases.AddCustomerTest" />
      
</testsuite>
